0 info it worked if it ends with ok
1 verbose cli [ '/usr/bin/node', '/usr/bin/npm', 'i', '-g', 'now' ]
2 info using npm@3.5.2
3 info using node@v8.10.0
4 silly loadCurrentTree Starting
5 silly install loadCurrentTree
6 silly install readGlobalPackageData
7 silly fetchPackageMetaData now
8 silly fetchNamedPackageData now
9 silly mapToRegistry name now
10 silly mapToRegistry using default registry
11 silly mapToRegistry registry https://registry.npmjs.org/
12 silly mapToRegistry uri https://registry.npmjs.org/now
13 verbose request uri https://registry.npmjs.org/now
14 verbose request no auth needed
15 info attempt registry request try #1 at 3:26:21
16 verbose request id 7654b0a42753bc3b
17 verbose etag W/"0ad1ce04fd2e8b963a9952ea7b62e7a8"
18 verbose lastModified Wed, 15 Apr 2020 22:08:29 GMT
19 http request GET https://registry.npmjs.org/now
20 http 304 https://registry.npmjs.org/now
21 verbose headers { date: 'Fri, 17 Apr 2020 08:26:21 GMT',
21 verbose headers   connection: 'keep-alive',
21 verbose headers   'set-cookie':
21 verbose headers    [ '__cfduid=d7f3caa2d7745259f532032b26defba6d1587111981; expires=Sun, 17-May-20 08:26:21 GMT; path=/; domain=.npmjs.org; HttpOnly; SameSite=Lax' ],
21 verbose headers   'cf-ray': '5854c2bd4de2c87b-MIA',
21 verbose headers   age: '1536',
21 verbose headers   'cache-control': 'public, max-age=300',
21 verbose headers   etag: '"0ad1ce04fd2e8b963a9952ea7b62e7a8"',
21 verbose headers   'last-modified': 'Wed, 15 Apr 2020 22:08:29 GMT',
21 verbose headers   vary: 'Accept-Encoding',
21 verbose headers   'cf-cache-status': 'HIT',
21 verbose headers   'expect-ct': 'max-age=604800, report-uri="https://report-uri.cloudflare.com/cdn-cgi/beacon/expect-ct"',
21 verbose headers   server: 'cloudflare',
21 verbose headers   'cf-request-id': '0228d80a4d0000c87b4b088200000001' }
22 silly get cb [ 304,
22 silly get   { date: 'Fri, 17 Apr 2020 08:26:21 GMT',
22 silly get     connection: 'keep-alive',
22 silly get     'set-cookie':
22 silly get      [ '__cfduid=d7f3caa2d7745259f532032b26defba6d1587111981; expires=Sun, 17-May-20 08:26:21 GMT; path=/; domain=.npmjs.org; HttpOnly; SameSite=Lax' ],
22 silly get     'cf-ray': '5854c2bd4de2c87b-MIA',
22 silly get     age: '1536',
22 silly get     'cache-control': 'public, max-age=300',
22 silly get     etag: '"0ad1ce04fd2e8b963a9952ea7b62e7a8"',
22 silly get     'last-modified': 'Wed, 15 Apr 2020 22:08:29 GMT',
22 silly get     vary: 'Accept-Encoding',
22 silly get     'cf-cache-status': 'HIT',
22 silly get     'expect-ct': 'max-age=604800, report-uri="https://report-uri.cloudflare.com/cdn-cgi/beacon/expect-ct"',
22 silly get     server: 'cloudflare',
22 silly get     'cf-request-id': '0228d80a4d0000c87b4b088200000001' } ]
23 verbose etag https://registry.npmjs.org/now from cache
24 verbose get saving now to /home/edwinbaeza/.npm/registry.npmjs.org/now/.cache.json
25 silly install normalizeTree
26 silly loadCurrentTree Finishing
27 silly loadIdealTree Starting
28 silly install loadIdealTree
29 silly cloneCurrentTree Starting
30 silly install cloneCurrentTreeToIdealTree
31 silly cloneCurrentTree Finishing
32 silly loadShrinkwrap Starting
33 silly install loadShrinkwrap
34 silly loadShrinkwrap Finishing
35 silly loadAllDepsIntoIdealTree Starting
36 silly install loadAllDepsIntoIdealTree
37 silly resolveWithNewModule now@18.0.0 checking installable status
38 silly cache add args [ 'now', null ]
39 verbose cache add spec now
40 silly cache add parsed spec Result {
40 silly cache add   raw: 'now',
40 silly cache add   scope: null,
40 silly cache add   name: 'now',
40 silly cache add   rawSpec: '',
40 silly cache add   spec: 'latest',
40 silly cache add   type: 'tag' }
41 silly addNamed now@latest
42 verbose addNamed "latest" is being treated as a dist-tag for now
43 info addNameTag [ 'now', 'latest' ]
44 silly mapToRegistry name now
45 silly mapToRegistry using default registry
46 silly mapToRegistry registry https://registry.npmjs.org/
47 silly mapToRegistry uri https://registry.npmjs.org/now
48 verbose addNameTag registry:https://registry.npmjs.org/now not in flight; fetching
49 verbose get https://registry.npmjs.org/now not expired, no request
50 silly addNameTag next cb for now with tag latest
51 silly addNamed now@18.0.0
52 verbose addNamed "18.0.0" is a plain semver version for now
53 silly cache afterAdd now@18.0.0
54 verbose afterAdd /home/edwinbaeza/.npm/now/18.0.0/package/package.json not in flight; writing
55 verbose afterAdd /home/edwinbaeza/.npm/now/18.0.0/package/package.json written
56 silly loadAllDepsIntoIdealTree Finishing
57 silly idealTree:prePrune lib
57 silly idealTree:prePrune └── now@18.0.0
58 silly loadIdealTree Finishing
59 silly currentTree lib
59 silly currentTree └── now@18.0.0
60 silly idealTree lib
60 silly idealTree └── now@18.0.0
61 silly generateActionsToTake Starting
62 silly install generateActionsToTake
63 warn checkPermissions Missing write access to /usr/local/lib/node_modules/now
64 warn checkPermissions Missing write access to /usr/local/lib/node_modules
65 silly rollbackFailedOptional Starting
66 silly rollbackFailedOptional Finishing
67 silly runTopLevelLifecycles Starting
68 silly runTopLevelLifecycles Finishing
69 silly install printInstalled
70 verbose stack Error: EACCES: permission denied, access '/usr/local/lib/node_modules/now'
71 verbose cwd /home/edwinbaeza/Documentos/dev/react/curso-platzi-react-avanzado/api
72 error Linux 5.3.0-28-generic
73 error argv "/usr/bin/node" "/usr/bin/npm" "i" "-g" "now"
74 error node v8.10.0
75 error npm  v3.5.2
76 error path /usr/local/lib/node_modules/now
77 error code EACCES
78 error errno -13
79 error syscall access
80 error Error: EACCES: permission denied, access '/usr/local/lib/node_modules/now'
80 error  { Error: EACCES: permission denied, access '/usr/local/lib/node_modules/now'
80 error   errno: -13,
80 error   code: 'EACCES',
80 error   syscall: 'access',
80 error   path: '/usr/local/lib/node_modules/now' }
81 error Please try running this command again as root/Administrator.
82 verbose exit [ -13, true ]
